<?xml version="1.0" encoding="UTF-8"?>
<!-- Generated by org.testng.reporters.JUnitXMLReporter -->
<testsuite ignored="0" hostname="DESKTOP-1EJJFUM" failures="0" tests="1" name="Test" time="0.112" errors="0" timestamp="2025-06-23T22:14:30 IST">
  <testcase classname="CompatibilityTesting.CrossBrowserTest" name="@BeforeTest beforetest" time="-1.750697070677E9">
    <failure type="org.testng.TestNGException" message="
Parameter &amp;apos;browser1&amp;apos; is required by BeforeTest on method beforetest but has not been marked @Optional or defined
in C:\Users\lenovo\eclipse-workspace\MainProjectCompatibilityTesting\testng2.xml">
      <![CDATA[org.testng.TestNGException: 
Parameter 'browser1' is required by BeforeTest on method beforetest but has not been marked @Optional or defined
in C:\Users\lenovo\eclipse-workspace\MainProjectCompatibilityTesting\testng2.xml
... Removed 21 stack frames]]>
    </failure>
  </testcase> <!-- @BeforeTest beforetest -->
  <testcase classname="CompatibilityTesting.CrossBrowserTest" name="@AfterTest afterTest" time="0.0">
    <skipped/>
  </testcase> <!-- @AfterTest afterTest -->
  <testcase classname="CompatibilityTesting.CrossBrowserTest" name="f" time="0.001">
    <skipped/>
  </testcase> <!-- f -->
</testsuite> <!-- Test -->
